{
  "RSpec": {
    "coverage": {
      "/Users/nicholastassinari/post_tur/discogs_app/disco_gs/app/facades/artist_facade.rb": {
        "lines": [
          1,
          1,
          2,
          2,
          null,
          null
        ]
      },
      "/Users/nicholastassinari/post_tur/discogs_app/disco_gs/app/facades/release_facade.rb": {
        "lines": [
          1,
          1,
          2,
          2,
          null,
          null
        ]
      },
      "/Users/nicholastassinari/post_tur/discogs_app/disco_gs/app/poros/artist.rb": {
        "lines": [
          1,
          1,
          null,
          null,
          null,
          null,
          null,
          1,
          2,
          2,
          2,
          2,
          2,
          null,
          2,
          12,
          null,
          null,
          null,
          null,
          null,
          null,
          null,
          null
        ]
      },
      "/Users/nicholastassinari/post_tur/discogs_app/disco_gs/app/poros/release.rb": {
        "lines": [
          1,
          1,
          null,
          null,
          null,
          null,
          null,
          null,
          1,
          2,
          2,
          2,
          2,
          null,
          null,
          null,
          null
        ]
      },
      "/Users/nicholastassinari/post_tur/discogs_app/disco_gs/app/services/discogs_service.rb": {
        "lines": [
          1,
          1,
          6,
          null,
          null,
          1,
          3,
          null,
          3,
          null,
          null,
          1,
          3,
          null,
          3,
          null,
          null,
          null
        ]
      },
      "/Users/nicholastassinari/post_tur/discogs_app/disco_gs/app/mailers/application_mailer.rb": {
        "lines": [
          0,
          0,
          0,
          0
        ],
        "branches": {
        }
      },
      "/Users/nicholastassinari/post_tur/discogs_app/disco_gs/app/models/application_record.rb": {
        "lines": [
          0,
          0,
          0
        ],
        "branches": {
        }
      },
      "/Users/nicholastassinari/post_tur/discogs_app/disco_gs/app/jobs/application_job.rb": {
        "lines": [
          0,
          0
        ],
        "branches": {
        }
      },
      "/Users/nicholastassinari/post_tur/discogs_app/disco_gs/app/controllers/application_controller.rb": {
        "lines": [
          0,
          0
        ],
        "branches": {
        }
      },
      "/Users/nicholastassinari/post_tur/discogs_app/disco_gs/app/channels/application_cable/connection.rb": {
        "lines": [
          0,
          0,
          0,
          0
        ],
        "branches": {
        }
      },
      "/Users/nicholastassinari/post_tur/discogs_app/disco_gs/app/channels/application_cable/channel.rb": {
        "lines": [
          0,
          0,
          0,
          0
        ],
        "branches": {
        }
      }
    },
    "timestamp": 1718372172
  }
}
