{
  "RSpec": {
    "coverage": {
      "/Users/nicholastassinari/post_tur/discogs_app/disco_gs/app/services/discogs_service.rb": {
        "lines": [
          1,
          1,
          1,
          null,
          null,
          1,
          1,
          null,
          1,
          null,
          null,
          null
        ]
      },
      "/Users/nicholastassinari/post_tur/discogs_app/disco_gs/app/mailers/application_mailer.rb": {
        "lines": [
          0,
          0,
          0,
          0
        ],
        "branches": {
        }
      },
      "/Users/nicholastassinari/post_tur/discogs_app/disco_gs/app/models/application_record.rb": {
        "lines": [
          0,
          0,
          0
        ],
        "branches": {
        }
      },
      "/Users/nicholastassinari/post_tur/discogs_app/disco_gs/app/jobs/application_job.rb": {
        "lines": [
          0,
          0
        ],
        "branches": {
        }
      },
      "/Users/nicholastassinari/post_tur/discogs_app/disco_gs/app/controllers/application_controller.rb": {
        "lines": [
          0,
          0
        ],
        "branches": {
        }
      },
      "/Users/nicholastassinari/post_tur/discogs_app/disco_gs/app/channels/application_cable/connection.rb": {
        "lines": [
          0,
          0,
          0,
          0
        ],
        "branches": {
        }
      },
      "/Users/nicholastassinari/post_tur/discogs_app/disco_gs/app/channels/application_cable/channel.rb": {
        "lines": [
          0,
          0,
          0,
          0
        ],
        "branches": {
        }
      }
    },
    "timestamp": 1715960026
  }
}
